# JRE version: OpenJDK Runtime Environment Temurin-17.0.7+7 (17.0.7+7) (build 17.0.7+7)
# Java VM: OpenJDK 64-Bit Server VM Temurin-17.0.7+7 (17.0.7+7, mixed mode, emulated-client, sharing, tiered, compressed oops, compressed class ptrs, g1 gc, windows-amd64)
GC Precious Log:
 CPUs: 4 total, 4 available
 Memory: 3994M
 Large Page Support: Disabled
 NUMA Support: Disabled
 Compressed Oops: Enabled (32-bit)
 Heap Region Size: 1M
 Heap Min Capacity: 8M
 Heap Initial Capacity: 64M
 Heap Max Capacity: 1G
 Pre-touch: Disabled
 Parallel Workers: 4
 Concurrent Workers: 1
 Concurrent Refinement Workers: 4
 Periodic GC: Disabled
Heap:
 garbage-first heap   total 368640K, used 119443K [0x00000000c0000000, 0x0000000100000000)
  region size 1024K, 20 young (20480K), 20 survivors (20480K)
 Metaspace       used 37513K, committed 37952K, reserved 1114112K
  class space    used 5088K, committed 5312K, reserved 1048576K
GC Heap History (20 events):
Event: 7.766 GC heap after
{Heap after GC invocations=13 (full 0):
 garbage-first heap   total 102400K, used 39213K [0x00000000c0000000, 0x0000000100000000)
  region size 1024K, 3 young (3072K), 3 survivors (3072K)
 Metaspace       used 31972K, committed 32384K, reserved 1114112K
  class space    used 4369K, committed 4544K, reserved 1048576K
}
Event: 7.898 GC heap before
{Heap before GC invocations=14 (full 0):
 garbage-first heap   total 102400K, used 74029K [0x00000000c0000000, 0x0000000100000000)
  region size 1024K, 37 young (37888K), 3 survivors (3072K)
 Metaspace       used 31987K, committed 32384K, reserved 1114112K
  class space    used 4374K, committed 4544K, reserved 1048576K
}
Event: 7.907 GC heap after
{Heap after GC invocations=15 (full 0):
 garbage-first heap   total 102400K, used 45302K [0x00000000c0000000, 0x0000000100000000)
  region size 1024K, 5 young (5120K), 5 survivors (5120K)
 Metaspace       used 31987K, committed 32384K, reserved 1114112K
  class space    used 4374K, committed 4544K, reserved 1048576K
}
Event: 7.982 GC heap before
{Heap before GC invocations=15 (full 0):
 garbage-first heap   total 102400K, used 74998K [0x00000000c0000000, 0x0000000100000000)
  region size 1024K, 35 young (35840K), 5 survivors (5120K)
 Metaspace       used 31987K, committed 32384K, reserved 1114112K
  class space    used 4374K, committed 4544K, reserved 1048576K
}
Event: 7.996 GC heap after
{Heap after GC invocations=16 (full 0):
 garbage-first heap   total 102400K, used 53011K [0x00000000c0000000, 0x0000000100000000)
  region size 1024K, 5 young (5120K), 5 survivors (5120K)
 Metaspace       used 31987K, committed 32384K, reserved 1114112K
  class space    used 4374K, committed 4544K, reserved 1048576K
}
Event: 8.147 GC heap before
{Heap before GC invocations=16 (full 0):
 garbage-first heap   total 102400K, used 76563K [0x00000000c0000000, 0x0000000100000000)
  region size 1024K, 28 young (28672K), 5 survivors (5120K)
 Metaspace       used 32233K, committed 32704K, reserved 1114112K
  class space    used 4414K, committed 4608K, reserved 1048576K
}
Event: 8.162 GC heap after
{Heap after GC invocations=17 (full 0):
 garbage-first heap   total 102400K, used 60417K [0x00000000c0000000, 0x0000000100000000)
  region size 1024K, 4 young (4096K), 4 survivors (4096K)
 Metaspace       used 32233K, committed 32704K, reserved 1114112K
  class space    used 4414K, committed 4608K, reserved 1048576K
}
Event: 8.253 GC heap before
{Heap before GC invocations=17 (full 0):
 garbage-first heap   total 102400K, used 78849K [0x00000000c0000000, 0x0000000100000000)
  region size 1024K, 21 young (21504K), 4 survivors (4096K)
 Metaspace       used 32969K, committed 33408K, reserved 1114112K
  class space    used 4511K, committed 4736K, reserved 1048576K
}
Event: 8.266 GC heap after
{Heap after GC invocations=18 (full 0):
 garbage-first heap   total 102400K, used 68024K [0x00000000c0000000, 0x0000000100000000)
  region size 1024K, 3 young (3072K), 3 survivors (3072K)
 Metaspace       used 32969K, committed 33408K, reserved 1114112K
  class space    used 4511K, committed 4736K, reserved 1048576K
}
Event: 8.356 GC heap before
{Heap before GC invocations=19 (full 0):
 garbage-first heap   total 122880K, used 80312K [0x00000000c0000000, 0x0000000100000000)
  region size 1024K, 14 young (14336K), 3 survivors (3072K)
 Metaspace       used 33642K, committed 34112K, reserved 1114112K
  class space    used 4587K, committed 4800K, reserved 1048576K
}
Event: 8.369 GC heap after
{Heap after GC invocations=20 (full 0):
 garbage-first heap   total 122880K, used 75847K [0x00000000c0000000, 0x0000000100000000)
  region size 1024K, 2 young (2048K), 2 survivors (2048K)
 Metaspace       used 33642K, committed 34112K, reserved 1114112K
  class space    used 4587K, committed 4800K, reserved 1048576K
}
Event: 8.379 GC heap before
{Heap before GC invocations=20 (full 0):
 garbage-first heap   total 122880K, used 78919K [0x00000000c0000000, 0x0000000100000000)
  region size 1024K, 6 young (6144K), 2 survivors (2048K)
 Metaspace       used 33655K, committed 34112K, reserved 1114112K
  class space    used 4589K, committed 4800K, reserved 1048576K
}
Event: 8.387 GC heap after
{Heap after GC invocations=21 (full 0):
 garbage-first heap   total 368640K, used 78820K [0x00000000c0000000, 0x0000000100000000)
  region size 1024K, 1 young (1024K), 1 survivors (1024K)
 Metaspace       used 33655K, committed 34112K, reserved 1114112K
  class space    used 4589K, committed 4800K, reserved 1048576K
}
Event: 8.640 GC heap before
{Heap before GC invocations=21 (full 0):
 garbage-first heap   total 368640K, used 223204K [0x00000000c0000000, 0x0000000100000000)
  region size 1024K, 143 young (146432K), 1 survivors (1024K)
 Metaspace       used 35138K, committed 35584K, reserved 1114112K
  class space    used 4759K, committed 4992K, reserved 1048576K
}
Event: 8.706 GC heap after
{Heap after GC invocations=22 (full 0):
 garbage-first heap   total 368640K, used 90444K [0x00000000c0000000, 0x0000000100000000)
  region size 1024K, 13 young (13312K), 13 survivors (13312K)
 Metaspace       used 35138K, committed 35584K, reserved 1114112K
  class space    used 4759K, committed 4992K, reserved 1048576K
}
Event: 8.906 GC heap before
{Heap before GC invocations=22 (full 0):
 garbage-first heap   total 368640K, used 246092K [0x00000000c0000000, 0x0000000100000000)
  region size 1024K, 166 young (169984K), 13 survivors (13312K)
 Metaspace       used 35539K, committed 35968K, reserved 1114112K
  class space    used 4819K, committed 4992K, reserved 1048576K
}
Event: 8.988 GC heap after
{Heap after GC invocations=23 (full 0):
 garbage-first heap   total 368640K, used 99432K [0x00000000c0000000, 0x0000000100000000)
  region size 1024K, 9 young (9216K), 9 survivors (9216K)
 Metaspace       used 35539K, committed 35968K, reserved 1114112K
  class space    used 4819K, committed 4992K, reserved 1048576K
}
Event: 9.298 GC heap before
{Heap before GC invocations=23 (full 0):
 garbage-first heap   total 368640K, used 269416K [0x00000000c0000000, 0x0000000100000000)
  region size 1024K, 176 young (180224K), 9 survivors (9216K)
 Metaspace       used 36485K, committed 36928K, reserved 1114112K
  class space    used 4965K, committed 5184K, reserved 1048576K
}
Event: 9.375 GC heap after
{Heap after GC invocations=24 (full 0):
 garbage-first heap   total 368640K, used 109078K [0x00000000c0000000, 0x0000000100000000)
  region size 1024K, 19 young (19456K), 19 survivors (19456K)
 Metaspace       used 36485K, committed 36928K, reserved 1114112K
  class space    used 4965K, committed 5184K, reserved 1048576K
}
Event: 11.024 GC heap before
{Heap before GC invocations=24 (full 0):
 garbage-first heap   total 368640K, used 280086K [0x00000000c0000000, 0x0000000100000000)
  region size 1024K, 187 young (191488K), 19 survivors (19456K)
 Metaspace       used 37513K, committed 37952K, reserved 1114112K
  class space    used 5088K, committed 5312K, reserved 1048576K
}

