# JRE version: OpenJDK Runtime Environment Temurin-17.0.7+7 (17.0.7+7) (build 17.0.7+7)
# Java VM: OpenJDK 64-Bit Server VM Temurin-17.0.7+7 (17.0.7+7, mixed mode, emulated-client, sharing, tiered, compressed oops, compressed class ptrs, g1 gc, windows-amd64)
GC Precious Log:
 CPUs: 4 total, 4 available
 Memory: 3994M
 Large Page Support: Disabled
 NUMA Support: Disabled
 Compressed Oops: Enabled (32-bit)
 Heap Region Size: 1M
 Heap Min Capacity: 8M
 Heap Initial Capacity: 64M
 Heap Max Capacity: 1G
 Pre-touch: Disabled
 Parallel Workers: 4
 Concurrent Workers: 1
 Concurrent Refinement Workers: 4
 Periodic GC: Disabled
Heap:
 garbage-first heap   total 126976K, used 69883K [0x00000000c0000000, 0x0000000100000000)
  region size 1024K, 1 young (1024K), 1 survivors (1024K)
 Metaspace       used 37464K, committed 37952K, reserved 1114112K
  class space    used 4899K, committed 5120K, reserved 1048576K
GC Heap History (20 events):
Event: 26.627 GC heap after
{Heap after GC invocations=10 (full 0):
 garbage-first heap   total 65536K, used 23924K [0x00000000c0000000, 0x0000000100000000)
  region size 1024K, 3 young (3072K), 3 survivors (3072K)
 Metaspace       used 29919K, committed 30336K, reserved 1114112K
  class space    used 4038K, committed 4224K, reserved 1048576K
}
Event: 27.128 GC heap before
{Heap before GC invocations=10 (full 0):
 garbage-first heap   total 65536K, used 47476K [0x00000000c0000000, 0x0000000100000000)
  region size 1024K, 26 young (26624K), 3 survivors (3072K)
 Metaspace       used 31793K, committed 32128K, reserved 1114112K
  class space    used 4328K, committed 4480K, reserved 1048576K
}
Event: 27.135 GC heap after
{Heap after GC invocations=11 (full 0):
 garbage-first heap   total 65536K, used 27999K [0x00000000c0000000, 0x0000000100000000)
  region size 1024K, 4 young (4096K), 4 survivors (4096K)
 Metaspace       used 31793K, committed 32128K, reserved 1114112K
  class space    used 4328K, committed 4480K, reserved 1048576K
}
Event: 27.221 GC heap before
{Heap before GC invocations=11 (full 0):
 garbage-first heap   total 65536K, used 48479K [0x00000000c0000000, 0x0000000100000000)
  region size 1024K, 25 young (25600K), 4 survivors (4096K)
 Metaspace       used 31801K, committed 32128K, reserved 1114112K
  class space    used 4330K, committed 4480K, reserved 1048576K
}
Event: 27.230 GC heap after
{Heap after GC invocations=12 (full 0):
 garbage-first heap   total 65536K, used 32158K [0x00000000c0000000, 0x0000000100000000)
  region size 1024K, 4 young (4096K), 4 survivors (4096K)
 Metaspace       used 31801K, committed 32128K, reserved 1114112K
  class space    used 4330K, committed 4480K, reserved 1048576K
}
Event: 27.298 GC heap before
{Heap before GC invocations=12 (full 0):
 garbage-first heap   total 65536K, used 47518K [0x00000000c0000000, 0x0000000100000000)
  region size 1024K, 20 young (20480K), 4 survivors (4096K)
 Metaspace       used 32070K, committed 32448K, reserved 1114112K
  class space    used 4351K, committed 4544K, reserved 1048576K
}
Event: 27.304 GC heap after
{Heap after GC invocations=13 (full 0):
 garbage-first heap   total 65536K, used 35574K [0x00000000c0000000, 0x0000000100000000)
  region size 1024K, 3 young (3072K), 3 survivors (3072K)
 Metaspace       used 32070K, committed 32448K, reserved 1114112K
  class space    used 4351K, committed 4544K, reserved 1048576K
}
Event: 27.369 GC heap before
{Heap before GC invocations=13 (full 0):
 garbage-first heap   total 65536K, used 48886K [0x00000000c0000000, 0x0000000100000000)
  region size 1024K, 17 young (17408K), 3 survivors (3072K)
 Metaspace       used 32405K, committed 32832K, reserved 1114112K
  class space    used 4373K, committed 4544K, reserved 1048576K
}
Event: 27.375 GC heap after
{Heap after GC invocations=14 (full 0):
 garbage-first heap   total 101376K, used 38808K [0x00000000c0000000, 0x0000000100000000)
  region size 1024K, 3 young (3072K), 3 survivors (3072K)
 Metaspace       used 32405K, committed 32832K, reserved 1114112K
  class space    used 4373K, committed 4544K, reserved 1048576K
}
Event: 27.564 GC heap before
{Heap before GC invocations=15 (full 0):
 garbage-first heap   total 101376K, used 73624K [0x00000000c0000000, 0x0000000100000000)
  region size 1024K, 38 young (38912K), 3 survivors (3072K)
 Metaspace       used 33181K, committed 33664K, reserved 1114112K
  class space    used 4460K, committed 4672K, reserved 1048576K
}
Event: 27.572 GC heap after
{Heap after GC invocations=16 (full 0):
 garbage-first heap   total 101376K, used 44185K [0x00000000c0000000, 0x0000000100000000)
  region size 1024K, 5 young (5120K), 5 survivors (5120K)
 Metaspace       used 33181K, committed 33664K, reserved 1114112K
  class space    used 4460K, committed 4672K, reserved 1048576K
}
Event: 27.692 GC heap before
{Heap before GC invocations=16 (full 0):
 garbage-first heap   total 101376K, used 73881K [0x00000000c0000000, 0x0000000100000000)
  region size 1024K, 35 young (35840K), 5 survivors (5120K)
 Metaspace       used 34269K, committed 34688K, reserved 1114112K
  class space    used 4531K, committed 4736K, reserved 1048576K
}
Event: 27.701 GC heap after
{Heap after GC invocations=17 (full 0):
 garbage-first heap   total 101376K, used 49284K [0x00000000c0000000, 0x0000000100000000)
  region size 1024K, 5 young (5120K), 5 survivors (5120K)
 Metaspace       used 34269K, committed 34688K, reserved 1114112K
  class space    used 4531K, committed 4736K, reserved 1048576K
}
Event: 27.830 GC heap before
{Heap before GC invocations=17 (full 0):
 garbage-first heap   total 101376K, used 75908K [0x00000000c0000000, 0x0000000100000000)
  region size 1024K, 32 young (32768K), 5 survivors (5120K)
 Metaspace       used 34522K, committed 34944K, reserved 1114112K
  class space    used 4563K, committed 4800K, reserved 1048576K
}
Event: 27.855 GC heap after
{Heap after GC invocations=18 (full 0):
 garbage-first heap   total 101376K, used 60263K [0x00000000c0000000, 0x0000000100000000)
  region size 1024K, 4 young (4096K), 4 survivors (4096K)
 Metaspace       used 34522K, committed 34944K, reserved 1114112K
  class space    used 4563K, committed 4800K, reserved 1048576K
}
Event: 28.091 GC heap before
{Heap before GC invocations=18 (full 0):
 garbage-first heap   total 101376K, used 77671K [0x00000000c0000000, 0x0000000100000000)
  region size 1024K, 21 young (21504K), 4 survivors (4096K)
 Metaspace       used 36293K, committed 36672K, reserved 1114112K
  class space    used 4768K, committed 4928K, reserved 1048576K
}
Event: 28.112 GC heap after
{Heap after GC invocations=19 (full 0):
 garbage-first heap   total 101376K, used 64393K [0x00000000c0000000, 0x0000000100000000)
  region size 1024K, 3 young (3072K), 3 survivors (3072K)
 Metaspace       used 36293K, committed 36672K, reserved 1114112K
  class space    used 4768K, committed 4928K, reserved 1048576K
}
Event: 28.329 GC heap before
{Heap before GC invocations=20 (full 0):
 garbage-first heap   total 126976K, used 79753K [0x00000000c0000000, 0x0000000100000000)
  region size 1024K, 18 young (18432K), 3 survivors (3072K)
 Metaspace       used 37394K, committed 37888K, reserved 1114112K
  class space    used 4887K, committed 5120K, reserved 1048576K
}
Event: 28.338 GC heap after
{Heap after GC invocations=21 (full 0):
 garbage-first heap   total 126976K, used 69149K [0x00000000c0000000, 0x0000000100000000)
  region size 1024K, 3 young (3072K), 3 survivors (3072K)
 Metaspace       used 37394K, committed 37888K, reserved 1114112K
  class space    used 4887K, committed 5120K, reserved 1048576K
}
Event: 28.358 GC heap before
{Heap before GC invocations=21 (full 0):
 garbage-first heap   total 126976K, used 72221K [0x00000000c0000000, 0x0000000100000000)
  region size 1024K, 6 young (6144K), 3 survivors (3072K)
 Metaspace       used 37464K, committed 37952K, reserved 1114112K
  class space    used 4899K, committed 5120K, reserved 1048576K
}

