# JRE version: OpenJDK Runtime Environment Temurin-17.0.7+7 (17.0.7+7) (build 17.0.7+7)
# Java VM: OpenJDK 64-Bit Server VM Temurin-17.0.7+7 (17.0.7+7, mixed mode, emulated-client, sharing, tiered, compressed oops, compressed class ptrs, g1 gc, windows-amd64)
GC Precious Log:
 CPUs: 4 total, 4 available
 Memory: 3994M
 Large Page Support: Disabled
 NUMA Support: Disabled
 Compressed Oops: Enabled (32-bit)
 Heap Region Size: 1M
 Heap Min Capacity: 8M
 Heap Initial Capacity: 64M
 Heap Max Capacity: 1G
 Pre-touch: Disabled
 Parallel Workers: 4
 Concurrent Workers: 1
 Concurrent Refinement Workers: 4
 Periodic GC: Disabled
Heap:
 garbage-first heap   total 329728K, used 96894K [0x00000000c0000000, 0x0000000100000000)
  region size 1024K, 2 young (2048K), 2 survivors (2048K)
 Metaspace       used 31518K, committed 31936K, reserved 1114112K
  class space    used 4282K, committed 4480K, reserved 1048576K
GC Heap History (20 events):
Event: 8.685 GC heap after
{Heap after GC invocations=13 (full 0):
 garbage-first heap   total 78848K, used 41752K [0x00000000c0000000, 0x0000000100000000)
  region size 1024K, 4 young (4096K), 4 survivors (4096K)
 Metaspace       used 31363K, committed 31744K, reserved 1114112K
  class space    used 4258K, committed 4416K, reserved 1048576K
}
Event: 8.768 GC heap before
{Heap before GC invocations=13 (full 0):
 garbage-first heap   total 78848K, used 60184K [0x00000000c0000000, 0x0000000100000000)
  region size 1024K, 22 young (22528K), 4 survivors (4096K)
 Metaspace       used 31363K, committed 31744K, reserved 1114112K
  class space    used 4258K, committed 4416K, reserved 1048576K
}
Event: 8.778 GC heap after
{Heap after GC invocations=14 (full 0):
 garbage-first heap   total 154624K, used 44891K [0x00000000c0000000, 0x0000000100000000)
  region size 1024K, 3 young (3072K), 3 survivors (3072K)
 Metaspace       used 31363K, committed 31744K, reserved 1114112K
  class space    used 4258K, committed 4416K, reserved 1048576K
}
Event: 9.293 GC heap before
{Heap before GC invocations=15 (full 0):
 garbage-first heap   total 154624K, used 110427K [0x00000000c0000000, 0x0000000100000000)
  region size 1024K, 67 young (68608K), 3 survivors (3072K)
 Metaspace       used 31367K, committed 31744K, reserved 1114112K
  class space    used 4259K, committed 4416K, reserved 1048576K
}
Event: 9.329 GC heap after
{Heap after GC invocations=16 (full 0):
 garbage-first heap   total 154624K, used 64443K [0x00000000c0000000, 0x0000000100000000)
  region size 1024K, 9 young (9216K), 9 survivors (9216K)
 Metaspace       used 31367K, committed 31744K, reserved 1114112K
  class space    used 4259K, committed 4416K, reserved 1048576K
}
Event: 9.461 GC heap before
{Heap before GC invocations=16 (full 0):
 garbage-first heap   total 154624K, used 105403K [0x00000000c0000000, 0x0000000100000000)
  region size 1024K, 49 young (50176K), 9 survivors (9216K)
 Metaspace       used 31419K, committed 31744K, reserved 1114112K
  class space    used 4267K, committed 4416K, reserved 1048576K
}
Event: 9.498 GC heap after
{Heap after GC invocations=17 (full 0):
 garbage-first heap   total 154624K, used 80830K [0x00000000c0000000, 0x0000000100000000)
  region size 1024K, 7 young (7168K), 7 survivors (7168K)
 Metaspace       used 31419K, committed 31744K, reserved 1114112K
  class space    used 4267K, committed 4416K, reserved 1048576K
}
Event: 9.531 GC heap before
{Heap before GC invocations=17 (full 0):
 garbage-first heap   total 154624K, used 112574K [0x00000000c0000000, 0x0000000100000000)
  region size 1024K, 39 young (39936K), 7 survivors (7168K)
 Metaspace       used 31462K, committed 31808K, reserved 1114112K
  class space    used 4274K, committed 4416K, reserved 1048576K
}
Event: 9.539 GC heap after
{Heap after GC invocations=18 (full 0):
 garbage-first heap   total 154624K, used 84696K [0x00000000c0000000, 0x0000000100000000)
  region size 1024K, 3 young (3072K), 3 survivors (3072K)
 Metaspace       used 31462K, committed 31808K, reserved 1114112K
  class space    used 4274K, committed 4416K, reserved 1048576K
}
Event: 9.553 GC heap before
{Heap before GC invocations=18 (full 0):
 garbage-first heap   total 154624K, used 116440K [0x00000000c0000000, 0x0000000100000000)
  region size 1024K, 35 young (35840K), 3 survivors (3072K)
 Metaspace       used 31476K, committed 31808K, reserved 1114112K
  class space    used 4278K, committed 4416K, reserved 1048576K
}
Event: 9.556 GC heap after
{Heap after GC invocations=19 (full 0):
 garbage-first heap   total 154624K, used 85982K [0x00000000c0000000, 0x0000000100000000)
  region size 1024K, 4 young (4096K), 4 survivors (4096K)
 Metaspace       used 31476K, committed 31808K, reserved 1114112K
  class space    used 4278K, committed 4416K, reserved 1048576K
}
Event: 9.571 GC heap before
{Heap before GC invocations=19 (full 0):
 garbage-first heap   total 154624K, used 118750K [0x00000000c0000000, 0x0000000100000000)
  region size 1024K, 37 young (37888K), 4 survivors (4096K)
 Metaspace       used 31491K, committed 31808K, reserved 1114112K
  class space    used 4280K, committed 4416K, reserved 1048576K
}
Event: 9.579 GC heap after
{Heap after GC invocations=20 (full 0):
 garbage-first heap   total 329728K, used 87942K [0x00000000c0000000, 0x0000000100000000)
  region size 1024K, 4 young (4096K), 4 survivors (4096K)
 Metaspace       used 31491K, committed 31808K, reserved 1114112K
  class space    used 4280K, committed 4416K, reserved 1048576K
}
Event: 9.876 GC heap before
{Heap before GC invocations=20 (full 0):
 garbage-first heap   total 329728K, used 214918K [0x00000000c0000000, 0x0000000100000000)
  region size 1024K, 129 young (132096K), 4 survivors (4096K)
 Metaspace       used 31518K, committed 31936K, reserved 1114112K
  class space    used 4282K, committed 4480K, reserved 1048576K
}
Event: 10.099 GC heap after
{Heap after GC invocations=21 (full 0):
 garbage-first heap   total 329728K, used 94925K [0x00000000c0000000, 0x0000000100000000)
  region size 1024K, 11 young (11264K), 11 survivors (11264K)
 Metaspace       used 31518K, committed 31936K, reserved 1114112K
  class space    used 4282K, committed 4480K, reserved 1048576K
}
Event: 10.109 GC heap before
{Heap before GC invocations=21 (full 0):
 garbage-first heap   total 329728K, used 99021K [0x00000000c0000000, 0x0000000100000000)
  region size 1024K, 16 young (16384K), 11 survivors (11264K)
 Metaspace       used 31518K, committed 31936K, reserved 1114112K
  class space    used 4282K, committed 4480K, reserved 1048576K
}
Event: 10.122 GC heap after
{Heap after GC invocations=22 (full 0):
 garbage-first heap   total 329728K, used 95696K [0x00000000c0000000, 0x0000000100000000)
  region size 1024K, 1 young (1024K), 1 survivors (1024K)
 Metaspace       used 31518K, committed 31936K, reserved 1114112K
  class space    used 4282K, committed 4480K, reserved 1048576K
}
Event: 10.208 GC heap before
{Heap before GC invocations=22 (full 0):
 garbage-first heap   total 329728K, used 109008K [0x00000000c0000000, 0x0000000100000000)
  region size 1024K, 16 young (16384K), 1 survivors (1024K)
 Metaspace       used 31518K, committed 31936K, reserved 1114112K
  class space    used 4282K, committed 4480K, reserved 1048576K
}
Event: 10.215 GC heap after
{Heap after GC invocations=23 (full 0):
 garbage-first heap   total 329728K, used 95696K [0x00000000c0000000, 0x0000000100000000)
  region size 1024K, 2 young (2048K), 2 survivors (2048K)
 Metaspace       used 31518K, committed 31936K, reserved 1114112K
  class space    used 4282K, committed 4480K, reserved 1048576K
}
Event: 10.270 GC heap before
{Heap before GC invocations=23 (full 0):
 garbage-first heap   total 329728K, used 109008K [0x00000000c0000000, 0x0000000100000000)
  region size 1024K, 16 young (16384K), 2 survivors (2048K)
 Metaspace       used 31518K, committed 31936K, reserved 1114112K
  class space    used 4282K, committed 4480K, reserved 1048576K
}

