# JRE version: OpenJDK Runtime Environment Temurin-17.0.7+7 (17.0.7+7) (build 17.0.7+7)
# Java VM: OpenJDK 64-Bit Server VM Temurin-17.0.7+7 (17.0.7+7, mixed mode, emulated-client, sharing, tiered, compressed oops, compressed class ptrs, g1 gc, windows-amd64)
GC Precious Log:
 CPUs: 4 total, 4 available
 Memory: 3994M
 Large Page Support: Disabled
 NUMA Support: Disabled
 Compressed Oops: Enabled (32-bit)
 Heap Region Size: 1M
 Heap Min Capacity: 8M
 Heap Initial Capacity: 64M
 Heap Max Capacity: 1G
 Pre-touch: Disabled
 Parallel Workers: 4
 Concurrent Workers: 1
 Concurrent Refinement Workers: 4
 Periodic GC: Disabled
Heap:
 garbage-first heap   total 143360K, used 42108K [0x00000000c0000000, 0x0000000100000000)
  region size 1024K, 1 young (1024K), 0 survivors (0K)
 Metaspace       used 67384K, committed 67904K, reserved 1114112K
  class space    used 9208K, committed 9472K, reserved 1048576K
GC Heap History (20 events):
Event: 2943.432 GC heap before
{Heap before GC invocations=348 (full 237):
 garbage-first heap   total 143360K, used 42108K [0x00000000c0000000, 0x0000000100000000)
  region size 1024K, 1 young (1024K), 0 survivors (0K)
 Metaspace       used 67384K, committed 67904K, reserved 1114112K
  class space    used 9208K, committed 9472K, reserved 1048576K
}
Event: 2943.484 GC heap after
{Heap after GC invocations=349 (full 238):
 garbage-first heap   total 143360K, used 42108K [0x00000000c0000000, 0x0000000100000000)
  region size 1024K, 0 young (0K), 0 survivors (0K)
 Metaspace       used 67384K, committed 67904K, reserved 1114112K
  class space    used 9208K, committed 9472K, reserved 1048576K
}
Event: 2953.665 GC heap before
{Heap before GC invocations=349 (full 238):
 garbage-first heap   total 143360K, used 42108K [0x00000000c0000000, 0x0000000100000000)
  region size 1024K, 1 young (1024K), 0 survivors (0K)
 Metaspace       used 67384K, committed 67904K, reserved 1114112K
  class space    used 9208K, committed 9472K, reserved 1048576K
}
Event: 2953.715 GC heap after
{Heap after GC invocations=350 (full 239):
 garbage-first heap   total 143360K, used 42108K [0x00000000c0000000, 0x0000000100000000)
  region size 1024K, 0 young (0K), 0 survivors (0K)
 Metaspace       used 67384K, committed 67904K, reserved 1114112K
  class space    used 9208K, committed 9472K, reserved 1048576K
}
Event: 2963.949 GC heap before
{Heap before GC invocations=350 (full 239):
 garbage-first heap   total 143360K, used 42108K [0x00000000c0000000, 0x0000000100000000)
  region size 1024K, 1 young (1024K), 0 survivors (0K)
 Metaspace       used 67384K, committed 67904K, reserved 1114112K
  class space    used 9208K, committed 9472K, reserved 1048576K
}
Event: 2964.010 GC heap after
{Heap after GC invocations=351 (full 240):
 garbage-first heap   total 143360K, used 42108K [0x00000000c0000000, 0x0000000100000000)
  region size 1024K, 0 young (0K), 0 survivors (0K)
 Metaspace       used 67384K, committed 67904K, reserved 1114112K
  class space    used 9208K, committed 9472K, reserved 1048576K
}
Event: 2974.218 GC heap before
{Heap before GC invocations=351 (full 240):
 garbage-first heap   total 143360K, used 42108K [0x00000000c0000000, 0x0000000100000000)
  region size 1024K, 1 young (1024K), 0 survivors (0K)
 Metaspace       used 67384K, committed 67904K, reserved 1114112K
  class space    used 9208K, committed 9472K, reserved 1048576K
}
Event: 2974.281 GC heap after
{Heap after GC invocations=352 (full 241):
 garbage-first heap   total 143360K, used 42108K [0x00000000c0000000, 0x0000000100000000)
  region size 1024K, 0 young (0K), 0 survivors (0K)
 Metaspace       used 67384K, committed 67904K, reserved 1114112K
  class space    used 9208K, committed 9472K, reserved 1048576K
}
Event: 2984.490 GC heap before
{Heap before GC invocations=352 (full 241):
 garbage-first heap   total 143360K, used 42108K [0x00000000c0000000, 0x0000000100000000)
  region size 1024K, 1 young (1024K), 0 survivors (0K)
 Metaspace       used 67384K, committed 67904K, reserved 1114112K
  class space    used 9208K, committed 9472K, reserved 1048576K
}
Event: 2984.541 GC heap after
{Heap after GC invocations=353 (full 242):
 garbage-first heap   total 143360K, used 42108K [0x00000000c0000000, 0x0000000100000000)
  region size 1024K, 0 young (0K), 0 survivors (0K)
 Metaspace       used 67384K, committed 67904K, reserved 1114112K
  class space    used 9208K, committed 9472K, reserved 1048576K
}
Event: 2994.771 GC heap before
{Heap before GC invocations=353 (full 242):
 garbage-first heap   total 143360K, used 42108K [0x00000000c0000000, 0x0000000100000000)
  region size 1024K, 1 young (1024K), 0 survivors (0K)
 Metaspace       used 67384K, committed 67904K, reserved 1114112K
  class space    used 9208K, committed 9472K, reserved 1048576K
}
Event: 2994.825 GC heap after
{Heap after GC invocations=354 (full 243):
 garbage-first heap   total 143360K, used 42108K [0x00000000c0000000, 0x0000000100000000)
  region size 1024K, 0 young (0K), 0 survivors (0K)
 Metaspace       used 67384K, committed 67904K, reserved 1114112K
  class space    used 9208K, committed 9472K, reserved 1048576K
}
Event: 3006.408 GC heap before
{Heap before GC invocations=354 (full 243):
 garbage-first heap   total 143360K, used 42108K [0x00000000c0000000, 0x0000000100000000)
  region size 1024K, 1 young (1024K), 0 survivors (0K)
 Metaspace       used 67384K, committed 67904K, reserved 1114112K
  class space    used 9208K, committed 9472K, reserved 1048576K
}
Event: 3006.467 GC heap after
{Heap after GC invocations=355 (full 244):
 garbage-first heap   total 143360K, used 42108K [0x00000000c0000000, 0x0000000100000000)
  region size 1024K, 0 young (0K), 0 survivors (0K)
 Metaspace       used 67384K, committed 67904K, reserved 1114112K
  class space    used 9208K, committed 9472K, reserved 1048576K
}
Event: 3016.692 GC heap before
{Heap before GC invocations=355 (full 244):
 garbage-first heap   total 143360K, used 42108K [0x00000000c0000000, 0x0000000100000000)
  region size 1024K, 1 young (1024K), 0 survivors (0K)
 Metaspace       used 67384K, committed 67904K, reserved 1114112K
  class space    used 9208K, committed 9472K, reserved 1048576K
}
Event: 3016.752 GC heap after
{Heap after GC invocations=356 (full 245):
 garbage-first heap   total 143360K, used 42108K [0x00000000c0000000, 0x0000000100000000)
  region size 1024K, 0 young (0K), 0 survivors (0K)
 Metaspace       used 67384K, committed 67904K, reserved 1114112K
  class space    used 9208K, committed 9472K, reserved 1048576K
}
Event: 3026.956 GC heap before
{Heap before GC invocations=356 (full 245):
 garbage-first heap   total 143360K, used 42108K [0x00000000c0000000, 0x0000000100000000)
  region size 1024K, 1 young (1024K), 0 survivors (0K)
 Metaspace       used 67384K, committed 67904K, reserved 1114112K
  class space    used 9208K, committed 9472K, reserved 1048576K
}
Event: 3027.007 GC heap after
{Heap after GC invocations=357 (full 246):
 garbage-first heap   total 143360K, used 42108K [0x00000000c0000000, 0x0000000100000000)
  region size 1024K, 0 young (0K), 0 survivors (0K)
 Metaspace       used 67384K, committed 67904K, reserved 1114112K
  class space    used 9208K, committed 9472K, reserved 1048576K
}
Event: 3037.209 GC heap before
{Heap before GC invocations=357 (full 246):
 garbage-first heap   total 143360K, used 42108K [0x00000000c0000000, 0x0000000100000000)
  region size 1024K, 1 young (1024K), 0 survivors (0K)
 Metaspace       used 67384K, committed 67904K, reserved 1114112K
  class space    used 9208K, committed 9472K, reserved 1048576K
}
Event: 3037.262 GC heap after
{Heap after GC invocations=358 (full 247):
 garbage-first heap   total 143360K, used 42108K [0x00000000c0000000, 0x0000000100000000)
  region size 1024K, 0 young (0K), 0 survivors (0K)
 Metaspace       used 67384K, committed 67904K, reserved 1114112K
  class space    used 9208K, committed 9472K, reserved 1048576K
}

