# JRE version: OpenJDK Runtime Environment Temurin-17.0.7+7 (17.0.7+7) (build 17.0.7+7)
# Java VM: OpenJDK 64-Bit Server VM Temurin-17.0.7+7 (17.0.7+7, mixed mode, emulated-client, sharing, tiered, compressed oops, compressed class ptrs, g1 gc, windows-amd64)
GC Precious Log:
 CPUs: 4 total, 4 available
 Memory: 3994M
 Large Page Support: Disabled
 NUMA Support: Disabled
 Compressed Oops: Enabled (32-bit)
 Heap Region Size: 1M
 Heap Min Capacity: 8M
 Heap Initial Capacity: 64M
 Heap Max Capacity: 1G
 Pre-touch: Disabled
 Parallel Workers: 4
 Concurrent Workers: 1
 Concurrent Refinement Workers: 4
 Periodic GC: Disabled
Heap:
 garbage-first heap   total 146432K, used 89484K [0x00000000c0000000, 0x0000000100000000)
  region size 1024K, 4 young (4096K), 4 survivors (4096K)
 Metaspace       used 38629K, committed 39168K, reserved 1114112K
  class space    used 5040K, committed 5312K, reserved 1048576K
GC Heap History (20 events):
Event: 5.076 GC heap after
{Heap after GC invocations=10 (full 0):
 garbage-first heap   total 68608K, used 30462K [0x00000000c0000000, 0x0000000100000000)
  region size 1024K, 4 young (4096K), 4 survivors (4096K)
 Metaspace       used 31749K, committed 32128K, reserved 1114112K
  class space    used 4319K, committed 4480K, reserved 1048576K
}
Event: 5.209 GC heap before
{Heap before GC invocations=10 (full 0):
 garbage-first heap   total 68608K, used 48894K [0x00000000c0000000, 0x0000000100000000)
  region size 1024K, 23 young (23552K), 4 survivors (4096K)
 Metaspace       used 31869K, committed 32256K, reserved 1114112K
  class space    used 4340K, committed 4480K, reserved 1048576K
}
Event: 5.218 GC heap after
{Heap after GC invocations=11 (full 0):
 garbage-first heap   total 83968K, used 33497K [0x00000000c0000000, 0x0000000100000000)
  region size 1024K, 3 young (3072K), 3 survivors (3072K)
 Metaspace       used 31869K, committed 32256K, reserved 1114112K
  class space    used 4340K, committed 4480K, reserved 1048576K
}
Event: 5.366 GC heap before
{Heap before GC invocations=11 (full 0):
 garbage-first heap   total 83968K, used 59097K [0x00000000c0000000, 0x0000000100000000)
  region size 1024K, 29 young (29696K), 3 survivors (3072K)
 Metaspace       used 32142K, committed 32512K, reserved 1114112K
  class space    used 4364K, committed 4544K, reserved 1048576K
}
Event: 5.374 GC heap after
{Heap after GC invocations=12 (full 0):
 garbage-first heap   total 83968K, used 38660K [0x00000000c0000000, 0x0000000100000000)
  region size 1024K, 4 young (4096K), 4 survivors (4096K)
 Metaspace       used 32142K, committed 32512K, reserved 1114112K
  class space    used 4364K, committed 4544K, reserved 1048576K
}
Event: 5.752 GC heap before
{Heap before GC invocations=12 (full 0):
 garbage-first heap   total 83968K, used 60164K [0x00000000c0000000, 0x0000000100000000)
  region size 1024K, 26 young (26624K), 4 survivors (4096K)
 Metaspace       used 32592K, committed 32960K, reserved 1114112K
  class space    used 4404K, committed 4544K, reserved 1048576K
}
Event: 5.760 GC heap after
{Heap after GC invocations=13 (full 0):
 garbage-first heap   total 83968K, used 42609K [0x00000000c0000000, 0x0000000100000000)
  region size 1024K, 4 young (4096K), 4 survivors (4096K)
 Metaspace       used 32592K, committed 32960K, reserved 1114112K
  class space    used 4404K, committed 4544K, reserved 1048576K
}
Event: 5.812 GC heap before
{Heap before GC invocations=13 (full 0):
 garbage-first heap   total 83968K, used 62065K [0x00000000c0000000, 0x0000000100000000)
  region size 1024K, 24 young (24576K), 4 survivors (4096K)
 Metaspace       used 32852K, committed 33344K, reserved 1114112K
  class space    used 4434K, committed 4672K, reserved 1048576K
}
Event: 5.818 GC heap after
{Heap after GC invocations=14 (full 0):
 garbage-first heap   total 83968K, used 45752K [0x00000000c0000000, 0x0000000100000000)
  region size 1024K, 3 young (3072K), 3 survivors (3072K)
 Metaspace       used 32852K, committed 33344K, reserved 1114112K
  class space    used 4434K, committed 4672K, reserved 1048576K
}
Event: 5.908 GC heap before
{Heap before GC invocations=14 (full 0):
 garbage-first heap   total 107520K, used 64184K [0x00000000c0000000, 0x0000000100000000)
  region size 1024K, 21 young (21504K), 3 survivors (3072K)
 Metaspace       used 33072K, committed 33536K, reserved 1114112K
  class space    used 4448K, committed 4672K, reserved 1048576K
}
Event: 5.917 GC heap after
{Heap after GC invocations=15 (full 0):
 garbage-first heap   total 146432K, used 49225K [0x00000000c0000000, 0x0000000100000000)
  region size 1024K, 3 young (3072K), 3 survivors (3072K)
 Metaspace       used 33072K, committed 33536K, reserved 1114112K
  class space    used 4448K, committed 4672K, reserved 1048576K
}
Event: 6.257 GC heap before
{Heap before GC invocations=16 (full 0):
 garbage-first heap   total 146432K, used 103497K [0x00000000c0000000, 0x0000000100000000)
  region size 1024K, 56 young (57344K), 3 survivors (3072K)
 Metaspace       used 35909K, committed 36352K, reserved 1114112K
  class space    used 4727K, committed 4928K, reserved 1048576K
}
Event: 6.284 GC heap after
{Heap after GC invocations=17 (full 0):
 garbage-first heap   total 146432K, used 66957K [0x00000000c0000000, 0x0000000100000000)
  region size 1024K, 7 young (7168K), 7 survivors (7168K)
 Metaspace       used 35909K, committed 36352K, reserved 1114112K
  class space    used 4727K, committed 4928K, reserved 1048576K
}
Event: 6.434 GC heap before
{Heap before GC invocations=17 (full 0):
 garbage-first heap   total 146432K, used 103821K [0x00000000c0000000, 0x0000000100000000)
  region size 1024K, 43 young (44032K), 7 survivors (7168K)
 Metaspace       used 37960K, committed 38400K, reserved 1114112K
  class space    used 4960K, committed 5184K, reserved 1048576K
}
Event: 6.471 GC heap after
{Heap after GC invocations=18 (full 0):
 garbage-first heap   total 146432K, used 83777K [0x00000000c0000000, 0x0000000100000000)
  region size 1024K, 6 young (6144K), 6 survivors (6144K)
 Metaspace       used 37960K, committed 38400K, reserved 1114112K
  class space    used 4960K, committed 5184K, reserved 1048576K
}
Event: 6.524 GC heap before
{Heap before GC invocations=18 (full 0):
 garbage-first heap   total 146432K, used 108353K [0x00000000c0000000, 0x0000000100000000)
  region size 1024K, 31 young (31744K), 6 survivors (6144K)
 Metaspace       used 38379K, committed 38848K, reserved 1114112K
  class space    used 5024K, committed 5248K, reserved 1048576K
}
Event: 6.532 GC heap after
{Heap after GC invocations=19 (full 0):
 garbage-first heap   total 146432K, used 86726K [0x00000000c0000000, 0x0000000100000000)
  region size 1024K, 3 young (3072K), 3 survivors (3072K)
 Metaspace       used 38379K, committed 38848K, reserved 1114112K
  class space    used 5024K, committed 5248K, reserved 1048576K
}
Event: 6.559 GC heap before
{Heap before GC invocations=19 (full 0):
 garbage-first heap   total 146432K, used 111302K [0x00000000c0000000, 0x0000000100000000)
  region size 1024K, 28 young (28672K), 3 survivors (3072K)
 Metaspace       used 38574K, committed 39104K, reserved 1114112K
  class space    used 5040K, committed 5312K, reserved 1048576K
}
Event: 6.562 GC heap after
{Heap after GC invocations=20 (full 0):
 garbage-first heap   total 146432K, used 87859K [0x00000000c0000000, 0x0000000100000000)
  region size 1024K, 4 young (4096K), 4 survivors (4096K)
 Metaspace       used 38574K, committed 39104K, reserved 1114112K
  class space    used 5040K, committed 5312K, reserved 1048576K
}
Event: 6.579 GC heap before
{Heap before GC invocations=20 (full 0):
 garbage-first heap   total 146432K, used 113459K [0x00000000c0000000, 0x0000000100000000)
  region size 1024K, 30 young (30720K), 4 survivors (4096K)
 Metaspace       used 38629K, committed 39168K, reserved 1114112K
  class space    used 5040K, committed 5312K, reserved 1048576K
}

