# JRE version: OpenJDK Runtime Environment Temurin-17.0.7+7 (17.0.7+7) (build 17.0.7+7)
# Java VM: OpenJDK 64-Bit Server VM Temurin-17.0.7+7 (17.0.7+7, mixed mode, emulated-client, sharing, tiered, compressed oops, compressed class ptrs, g1 gc, windows-amd64)
GC Precious Log:
 CPUs: 4 total, 4 available
 Memory: 3994M
 Large Page Support: Disabled
 NUMA Support: Disabled
 Compressed Oops: Enabled (32-bit)
 Heap Region Size: 1M
 Heap Min Capacity: 8M
 Heap Initial Capacity: 64M
 Heap Max Capacity: 1G
 Pre-touch: Disabled
 Parallel Workers: 4
 Concurrent Workers: 1
 Concurrent Refinement Workers: 4
 Periodic GC: Disabled
Heap:
 garbage-first heap   total 290816K, used 107160K [0x00000000c0000000, 0x0000000100000000)
  region size 1024K, 14 young (14336K), 14 survivors (14336K)
 Metaspace       used 36448K, committed 36928K, reserved 1114112K
  class space    used 4951K, committed 5184K, reserved 1048576K
GC Heap History (20 events):
Event: 5.081 GC heap after
{Heap after GC invocations=13 (full 0):
 garbage-first heap   total 101376K, used 39130K [0x00000000c0000000, 0x0000000100000000)
  region size 1024K, 3 young (3072K), 3 survivors (3072K)
 Metaspace       used 31745K, committed 32128K, reserved 1114112K
  class space    used 4337K, committed 4480K, reserved 1048576K
}
Event: 5.264 GC heap before
{Heap before GC invocations=14 (full 0):
 garbage-first heap   total 101376K, used 73946K [0x00000000c0000000, 0x0000000100000000)
  region size 1024K, 37 young (37888K), 3 survivors (3072K)
 Metaspace       used 31747K, committed 32128K, reserved 1114112K
  class space    used 4338K, committed 4480K, reserved 1048576K
}
Event: 5.278 GC heap after
{Heap after GC invocations=15 (full 0):
 garbage-first heap   total 101376K, used 44958K [0x00000000c0000000, 0x0000000100000000)
  region size 1024K, 5 young (5120K), 5 survivors (5120K)
 Metaspace       used 31747K, committed 32128K, reserved 1114112K
  class space    used 4338K, committed 4480K, reserved 1048576K
}
Event: 5.283 GC heap before
{Heap before GC invocations=15 (full 0):
 garbage-first heap   total 101376K, used 45982K [0x00000000c0000000, 0x0000000100000000)
  region size 1024K, 6 young (6144K), 5 survivors (5120K)
 Metaspace       used 31750K, committed 32128K, reserved 1114112K
  class space    used 4340K, committed 4480K, reserved 1048576K
}
Event: 5.290 GC heap after
{Heap after GC invocations=16 (full 0):
 garbage-first heap   total 101376K, used 45743K [0x00000000c0000000, 0x0000000100000000)
  region size 1024K, 1 young (1024K), 1 survivors (1024K)
 Metaspace       used 31750K, committed 32128K, reserved 1114112K
  class space    used 4340K, committed 4480K, reserved 1048576K
}
Event: 5.408 GC heap before
{Heap before GC invocations=16 (full 0):
 garbage-first heap   total 101376K, used 75439K [0x00000000c0000000, 0x0000000100000000)
  region size 1024K, 31 young (31744K), 1 survivors (1024K)
 Metaspace       used 32206K, committed 32576K, reserved 1114112K
  class space    used 4412K, committed 4608K, reserved 1048576K
}
Event: 5.421 GC heap after
{Heap after GC invocations=17 (full 0):
 garbage-first heap   total 101376K, used 51675K [0x00000000c0000000, 0x0000000100000000)
  region size 1024K, 4 young (4096K), 4 survivors (4096K)
 Metaspace       used 32206K, committed 32576K, reserved 1114112K
  class space    used 4412K, committed 4608K, reserved 1048576K
}
Event: 5.670 GC heap before
{Heap before GC invocations=17 (full 0):
 garbage-first heap   total 101376K, used 77275K [0x00000000c0000000, 0x0000000100000000)
  region size 1024K, 29 young (29696K), 4 survivors (4096K)
 Metaspace       used 33451K, committed 33856K, reserved 1114112K
  class space    used 4561K, committed 4736K, reserved 1048576K
}
Event: 5.692 GC heap after
{Heap after GC invocations=18 (full 0):
 garbage-first heap   total 101376K, used 60416K [0x00000000c0000000, 0x0000000100000000)
  region size 1024K, 4 young (4096K), 4 survivors (4096K)
 Metaspace       used 33451K, committed 33856K, reserved 1114112K
  class space    used 4561K, committed 4736K, reserved 1048576K
}
Event: 6.080 GC heap before
{Heap before GC invocations=19 (full 0):
 garbage-first heap   total 107520K, used 78848K [0x00000000c0000000, 0x0000000100000000)
  region size 1024K, 22 young (22528K), 4 survivors (4096K)
 Metaspace       used 35117K, committed 35456K, reserved 1114112K
  class space    used 4764K, committed 4928K, reserved 1048576K
}
Event: 6.101 GC heap after
{Heap after GC invocations=20 (full 0):
 garbage-first heap   total 107520K, used 68950K [0x00000000c0000000, 0x0000000100000000)
  region size 1024K, 3 young (3072K), 3 survivors (3072K)
 Metaspace       used 35117K, committed 35456K, reserved 1114112K
  class space    used 4764K, committed 4928K, reserved 1048576K
}
Event: 6.122 GC heap before
{Heap before GC invocations=20 (full 0):
 garbage-first heap   total 107520K, used 70998K [0x00000000c0000000, 0x0000000100000000)
  region size 1024K, 5 young (5120K), 3 survivors (3072K)
 Metaspace       used 35117K, committed 35456K, reserved 1114112K
  class space    used 4764K, committed 4928K, reserved 1048576K
}
Event: 6.139 GC heap after
{Heap after GC invocations=21 (full 0):
 garbage-first heap   total 290816K, used 69632K [0x00000000c0000000, 0x0000000100000000)
  region size 1024K, 1 young (1024K), 1 survivors (1024K)
 Metaspace       used 35117K, committed 35456K, reserved 1114112K
  class space    used 4764K, committed 4928K, reserved 1048576K
}
Event: 6.486 GC heap before
{Heap before GC invocations=21 (full 0):
 garbage-first heap   total 290816K, used 194560K [0x00000000c0000000, 0x0000000100000000)
  region size 1024K, 123 young (125952K), 1 survivors (1024K)
 Metaspace       used 36407K, committed 36864K, reserved 1114112K
  class space    used 4943K, committed 5184K, reserved 1048576K
}
Event: 6.515 GC heap after
{Heap after GC invocations=22 (full 0):
 garbage-first heap   total 290816K, used 87703K [0x00000000c0000000, 0x0000000100000000)
  region size 1024K, 16 young (16384K), 16 survivors (16384K)
 Metaspace       used 36407K, committed 36864K, reserved 1114112K
  class space    used 4943K, committed 5184K, reserved 1048576K
}
Event: 6.557 GC heap before
{Heap before GC invocations=22 (full 0):
 garbage-first heap   total 290816K, used 200343K [0x00000000c0000000, 0x0000000100000000)
  region size 1024K, 127 young (130048K), 16 survivors (16384K)
 Metaspace       used 36448K, committed 36928K, reserved 1114112K
  class space    used 4950K, committed 5184K, reserved 1048576K
}
Event: 6.573 GC heap after
{Heap after GC invocations=23 (full 0):
 garbage-first heap   total 290816K, used 94719K [0x00000000c0000000, 0x0000000100000000)
  region size 1024K, 7 young (7168K), 7 survivors (7168K)
 Metaspace       used 36448K, committed 36928K, reserved 1114112K
  class space    used 4950K, committed 5184K, reserved 1048576K
}
Event: 6.609 GC heap before
{Heap before GC invocations=23 (full 0):
 garbage-first heap   total 290816K, used 208383K [0x00000000c0000000, 0x0000000100000000)
  region size 1024K, 119 young (121856K), 7 survivors (7168K)
 Metaspace       used 36448K, committed 36928K, reserved 1114112K
  class space    used 4950K, committed 5184K, reserved 1048576K
}
Event: 6.616 GC heap after
{Heap after GC invocations=24 (full 0):
 garbage-first heap   total 290816K, used 100554K [0x00000000c0000000, 0x0000000100000000)
  region size 1024K, 13 young (13312K), 13 survivors (13312K)
 Metaspace       used 36448K, committed 36928K, reserved 1114112K
  class space    used 4950K, committed 5184K, reserved 1048576K
}
Event: 6.652 GC heap before
{Heap before GC invocations=24 (full 0):
 garbage-first heap   total 290816K, used 216266K [0x00000000c0000000, 0x0000000100000000)
  region size 1024K, 127 young (130048K), 13 survivors (13312K)
 Metaspace       used 36448K, committed 36928K, reserved 1114112K
  class space    used 4951K, committed 5184K, reserved 1048576K
}

