# JRE version: OpenJDK Runtime Environment Temurin-17.0.7+7 (17.0.7+7) (build 17.0.7+7)
# Java VM: OpenJDK 64-Bit Server VM Temurin-17.0.7+7 (17.0.7+7, mixed mode, emulated-client, sharing, tiered, compressed oops, compressed class ptrs, g1 gc, windows-amd64)
GC Precious Log:
 CPUs: 4 total, 4 available
 Memory: 3994M
 Large Page Support: Disabled
 NUMA Support: Disabled
 Compressed Oops: Enabled (32-bit)
 Heap Region Size: 1M
 Heap Min Capacity: 8M
 Heap Initial Capacity: 64M
 Heap Max Capacity: 1G
 Pre-touch: Disabled
 Parallel Workers: 4
 Concurrent Workers: 1
 Concurrent Refinement Workers: 4
 Periodic GC: Disabled
Heap:
 garbage-first heap   total 174080K, used 89512K [0x00000000c0000000, 0x0000000100000000)
  region size 1024K, 5 young (5120K), 5 survivors (5120K)
 Metaspace       used 35446K, committed 35840K, reserved 1114112K
  class space    used 4808K, committed 4992K, reserved 1048576K
GC Heap History (20 events):
Event: 4.697 GC heap after
{Heap after GC invocations=11 (full 0):
 garbage-first heap   total 71680K, used 32056K [0x00000000c0000000, 0x0000000100000000)
  region size 1024K, 4 young (4096K), 4 survivors (4096K)
 Metaspace       used 31639K, committed 32064K, reserved 1114112K
  class space    used 4301K, committed 4480K, reserved 1048576K
}
Event: 4.785 GC heap before
{Heap before GC invocations=11 (full 0):
 garbage-first heap   total 71680K, used 52536K [0x00000000c0000000, 0x0000000100000000)
  region size 1024K, 25 young (25600K), 4 survivors (4096K)
 Metaspace       used 31679K, committed 32064K, reserved 1114112K
  class space    used 4311K, committed 4480K, reserved 1048576K
}
Event: 4.792 GC heap after
{Heap after GC invocations=12 (full 0):
 garbage-first heap   total 87040K, used 36562K [0x00000000c0000000, 0x0000000100000000)
  region size 1024K, 4 young (4096K), 4 survivors (4096K)
 Metaspace       used 31679K, committed 32064K, reserved 1114112K
  class space    used 4311K, committed 4480K, reserved 1048576K
}
Event: 4.945 GC heap before
{Heap before GC invocations=12 (full 0):
 garbage-first heap   total 87040K, used 64210K [0x00000000c0000000, 0x0000000100000000)
  region size 1024K, 31 young (31744K), 4 survivors (4096K)
 Metaspace       used 31987K, committed 32384K, reserved 1114112K
  class space    used 4374K, committed 4544K, reserved 1048576K
}
Event: 4.955 GC heap after
{Heap after GC invocations=13 (full 0):
 garbage-first heap   total 87040K, used 41472K [0x00000000c0000000, 0x0000000100000000)
  region size 1024K, 4 young (4096K), 4 survivors (4096K)
 Metaspace       used 31987K, committed 32384K, reserved 1114112K
  class space    used 4374K, committed 4544K, reserved 1048576K
}
Event: 5.016 GC heap before
{Heap before GC invocations=13 (full 0):
 garbage-first heap   total 87040K, used 65024K [0x00000000c0000000, 0x0000000100000000)
  region size 1024K, 27 young (27648K), 4 survivors (4096K)
 Metaspace       used 31987K, committed 32384K, reserved 1114112K
  class space    used 4374K, committed 4544K, reserved 1048576K
}
Event: 5.025 GC heap after
{Heap after GC invocations=14 (full 0):
 garbage-first heap   total 87040K, used 46000K [0x00000000c0000000, 0x0000000100000000)
  region size 1024K, 4 young (4096K), 4 survivors (4096K)
 Metaspace       used 31987K, committed 32384K, reserved 1114112K
  class space    used 4374K, committed 4544K, reserved 1048576K
}
Event: 5.087 GC heap before
{Heap before GC invocations=14 (full 0):
 garbage-first heap   total 87040K, used 66480K [0x00000000c0000000, 0x0000000100000000)
  region size 1024K, 24 young (24576K), 4 survivors (4096K)
 Metaspace       used 31991K, committed 32384K, reserved 1114112K
  class space    used 4374K, committed 4544K, reserved 1048576K
}
Event: 5.097 GC heap after
{Heap after GC invocations=15 (full 0):
 garbage-first heap   total 87040K, used 51719K [0x00000000c0000000, 0x0000000100000000)
  region size 1024K, 3 young (3072K), 3 survivors (3072K)
 Metaspace       used 31991K, committed 32384K, reserved 1114112K
  class space    used 4374K, committed 4544K, reserved 1048576K
}
Event: 5.142 GC heap before
{Heap before GC invocations=15 (full 0):
 garbage-first heap   total 87040K, used 67079K [0x00000000c0000000, 0x0000000100000000)
  region size 1024K, 18 young (18432K), 3 survivors (3072K)
 Metaspace       used 31991K, committed 32384K, reserved 1114112K
  class space    used 4374K, committed 4544K, reserved 1048576K
}
Event: 5.155 GC heap after
{Heap after GC invocations=16 (full 0):
 garbage-first heap   total 174080K, used 57858K [0x00000000c0000000, 0x0000000100000000)
  region size 1024K, 3 young (3072K), 3 survivors (3072K)
 Metaspace       used 31991K, committed 32384K, reserved 1114112K
  class space    used 4374K, committed 4544K, reserved 1048576K
}
Event: 5.496 GC heap before
{Heap before GC invocations=17 (full 0):
 garbage-first heap   total 174080K, used 124418K [0x00000000c0000000, 0x0000000100000000)
  region size 1024K, 67 young (68608K), 3 survivors (3072K)
 Metaspace       used 33980K, committed 34432K, reserved 1114112K
  class space    used 4635K, committed 4864K, reserved 1048576K
}
Event: 5.545 GC heap after
{Heap after GC invocations=18 (full 0):
 garbage-first heap   total 174080K, used 82178K [0x00000000c0000000, 0x0000000100000000)
  region size 1024K, 9 young (9216K), 9 survivors (9216K)
 Metaspace       used 33980K, committed 34432K, reserved 1114112K
  class space    used 4635K, committed 4864K, reserved 1048576K
}
Event: 5.549 GC heap before
{Heap before GC invocations=18 (full 0):
 garbage-first heap   total 174080K, used 82178K [0x00000000c0000000, 0x0000000100000000)
  region size 1024K, 10 young (10240K), 9 survivors (9216K)
 Metaspace       used 33983K, committed 34432K, reserved 1114112K
  class space    used 4636K, committed 4864K, reserved 1048576K
}
Event: 5.564 GC heap after
{Heap after GC invocations=19 (full 0):
 garbage-first heap   total 174080K, used 83527K [0x00000000c0000000, 0x0000000100000000)
  region size 1024K, 2 young (2048K), 2 survivors (2048K)
 Metaspace       used 33983K, committed 34432K, reserved 1114112K
  class space    used 4636K, committed 4864K, reserved 1048576K
}
Event: 5.622 GC heap before
{Heap before GC invocations=19 (full 0):
 garbage-first heap   total 174080K, used 121415K [0x00000000c0000000, 0x0000000100000000)
  region size 1024K, 40 young (40960K), 2 survivors (2048K)
 Metaspace       used 34276K, committed 34752K, reserved 1114112K
  class space    used 4681K, committed 4928K, reserved 1048576K
}
Event: 5.624 GC heap after
{Heap after GC invocations=20 (full 0):
 garbage-first heap   total 174080K, used 84760K [0x00000000c0000000, 0x0000000100000000)
  region size 1024K, 3 young (3072K), 3 survivors (3072K)
 Metaspace       used 34276K, committed 34752K, reserved 1114112K
  class space    used 4681K, committed 4928K, reserved 1048576K
}
Event: 5.660 GC heap before
{Heap before GC invocations=20 (full 0):
 garbage-first heap   total 174080K, used 124696K [0x00000000c0000000, 0x0000000100000000)
  region size 1024K, 43 young (44032K), 3 survivors (3072K)
 Metaspace       used 35148K, committed 35584K, reserved 1114112K
  class space    used 4763K, committed 4992K, reserved 1048576K
}
Event: 5.663 GC heap after
{Heap after GC invocations=21 (full 0):
 garbage-first heap   total 174080K, used 87024K [0x00000000c0000000, 0x0000000100000000)
  region size 1024K, 5 young (5120K), 5 survivors (5120K)
 Metaspace       used 35148K, committed 35584K, reserved 1114112K
  class space    used 4763K, committed 4992K, reserved 1048576K
}
Event: 5.713 GC heap before
{Heap before GC invocations=21 (full 0):
 garbage-first heap   total 174080K, used 129008K [0x00000000c0000000, 0x0000000100000000)
  region size 1024K, 47 young (48128K), 5 survivors (5120K)
 Metaspace       used 35446K, committed 35840K, reserved 1114112K
  class space    used 4808K, committed 4992K, reserved 1048576K
}

