# JRE version: OpenJDK Runtime Environment Temurin-17.0.7+7 (17.0.7+7) (build 17.0.7+7)
# Java VM: OpenJDK 64-Bit Server VM Temurin-17.0.7+7 (17.0.7+7, mixed mode, emulated-client, sharing, tiered, compressed oops, compressed class ptrs, g1 gc, windows-amd64)
GC Precious Log:
 CPUs: 4 total, 4 available
 Memory: 3994M
 Large Page Support: Disabled
 NUMA Support: Disabled
 Compressed Oops: Enabled (32-bit)
 Heap Region Size: 1M
 Heap Min Capacity: 8M
 Heap Initial Capacity: 64M
 Heap Max Capacity: 1G
 Pre-touch: Disabled
 Parallel Workers: 4
 Concurrent Workers: 1
 Concurrent Refinement Workers: 4
 Periodic GC: Disabled
Heap:
 garbage-first heap   total 135168K, used 91510K [0x00000000c0000000, 0x0000000100000000)
  region size 1024K, 2 young (2048K), 2 survivors (2048K)
 Metaspace       used 40464K, committed 40960K, reserved 1114112K
  class space    used 5163K, committed 5376K, reserved 1048576K
GC Heap History (20 events):
Event: 3.883 GC heap after
{Heap after GC invocations=9 (full 0):
 garbage-first heap   total 68608K, used 24171K [0x00000000c0000000, 0x0000000100000000)
  region size 1024K, 3 young (3072K), 3 survivors (3072K)
 Metaspace       used 31006K, committed 31360K, reserved 1114112K
  class space    used 4203K, committed 4352K, reserved 1048576K
}
Event: 4.091 GC heap before
{Heap before GC invocations=9 (full 0):
 garbage-first heap   total 68608K, used 49771K [0x00000000c0000000, 0x0000000100000000)
  region size 1024K, 28 young (28672K), 3 survivors (3072K)
 Metaspace       used 31675K, committed 32064K, reserved 1114112K
  class space    used 4310K, committed 4480K, reserved 1048576K
}
Event: 4.100 GC heap after
{Heap after GC invocations=10 (full 0):
 garbage-first heap   total 82944K, used 30530K [0x00000000c0000000, 0x0000000100000000)
  region size 1024K, 4 young (4096K), 4 survivors (4096K)
 Metaspace       used 31675K, committed 32064K, reserved 1114112K
  class space    used 4310K, committed 4480K, reserved 1048576K
}
Event: 4.337 GC heap before
{Heap before GC invocations=10 (full 0):
 garbage-first heap   total 82944K, used 59202K [0x00000000c0000000, 0x0000000100000000)
  region size 1024K, 33 young (33792K), 4 survivors (4096K)
 Metaspace       used 32069K, committed 32448K, reserved 1114112K
  class space    used 4351K, committed 4544K, reserved 1048576K
}
Event: 4.348 GC heap after
{Heap after GC invocations=11 (full 0):
 garbage-first heap   total 82944K, used 36157K [0x00000000c0000000, 0x0000000100000000)
  region size 1024K, 5 young (5120K), 5 survivors (5120K)
 Metaspace       used 32069K, committed 32448K, reserved 1114112K
  class space    used 4351K, committed 4544K, reserved 1048576K
}
Event: 4.481 GC heap before
{Heap before GC invocations=11 (full 0):
 garbage-first heap   total 82944K, used 58685K [0x00000000c0000000, 0x0000000100000000)
  region size 1024K, 28 young (28672K), 5 survivors (5120K)
 Metaspace       used 32608K, committed 32960K, reserved 1114112K
  class space    used 4392K, committed 4544K, reserved 1048576K
}
Event: 4.491 GC heap after
{Heap after GC invocations=12 (full 0):
 garbage-first heap   total 82944K, used 39978K [0x00000000c0000000, 0x0000000100000000)
  region size 1024K, 4 young (4096K), 4 survivors (4096K)
 Metaspace       used 32608K, committed 32960K, reserved 1114112K
  class space    used 4392K, committed 4544K, reserved 1048576K
}
Event: 4.569 GC heap before
{Heap before GC invocations=12 (full 0):
 garbage-first heap   total 82944K, used 61482K [0x00000000c0000000, 0x0000000100000000)
  region size 1024K, 25 young (25600K), 4 survivors (4096K)
 Metaspace       used 33179K, committed 33664K, reserved 1114112K
  class space    used 4453K, committed 4672K, reserved 1048576K
}
Event: 4.577 GC heap after
{Heap after GC invocations=13 (full 0):
 garbage-first heap   total 82944K, used 43666K [0x00000000c0000000, 0x0000000100000000)
  region size 1024K, 4 young (4096K), 4 survivors (4096K)
 Metaspace       used 33179K, committed 33664K, reserved 1114112K
  class space    used 4453K, committed 4672K, reserved 1048576K
}
Event: 4.648 GC heap before
{Heap before GC invocations=13 (full 0):
 garbage-first heap   total 82944K, used 61074K [0x00000000c0000000, 0x0000000100000000)
  region size 1024K, 22 young (22528K), 4 survivors (4096K)
 Metaspace       used 34000K, committed 34496K, reserved 1114112K
  class space    used 4497K, committed 4736K, reserved 1048576K
}
Event: 4.655 GC heap after
{Heap after GC invocations=14 (full 0):
 garbage-first heap   total 135168K, used 46677K [0x00000000c0000000, 0x0000000100000000)
  region size 1024K, 3 young (3072K), 3 survivors (3072K)
 Metaspace       used 34000K, committed 34496K, reserved 1114112K
  class space    used 4497K, committed 4736K, reserved 1048576K
}
Event: 4.902 GC heap before
{Heap before GC invocations=15 (full 0):
 garbage-first heap   total 135168K, used 97877K [0x00000000c0000000, 0x0000000100000000)
  region size 1024K, 54 young (55296K), 3 survivors (3072K)
 Metaspace       used 35628K, committed 36096K, reserved 1114112K
  class space    used 4685K, committed 4928K, reserved 1048576K
}
Event: 4.942 GC heap after
{Heap after GC invocations=16 (full 0):
 garbage-first heap   total 135168K, used 61075K [0x00000000c0000000, 0x0000000100000000)
  region size 1024K, 7 young (7168K), 7 survivors (7168K)
 Metaspace       used 35628K, committed 36096K, reserved 1114112K
  class space    used 4685K, committed 4928K, reserved 1048576K
}
Event: 5.563 GC heap before
{Heap before GC invocations=16 (full 0):
 garbage-first heap   total 135168K, used 97939K [0x00000000c0000000, 0x0000000100000000)
  region size 1024K, 42 young (43008K), 7 survivors (7168K)
 Metaspace       used 38974K, committed 39424K, reserved 1114112K
  class space    used 5031K, committed 5248K, reserved 1048576K
}
Event: 5.579 GC heap after
{Heap after GC invocations=17 (full 0):
 garbage-first heap   total 135168K, used 73943K [0x00000000c0000000, 0x0000000100000000)
  region size 1024K, 6 young (6144K), 6 survivors (6144K)
 Metaspace       used 38974K, committed 39424K, reserved 1114112K
  class space    used 5031K, committed 5248K, reserved 1048576K
}
Event: 5.636 GC heap before
{Heap before GC invocations=17 (full 0):
 garbage-first heap   total 135168K, used 90327K [0x00000000c0000000, 0x0000000100000000)
  region size 1024K, 24 young (24576K), 6 survivors (6144K)
 Metaspace       used 39564K, committed 40064K, reserved 1114112K
  class space    used 5072K, committed 5312K, reserved 1048576K
}
Event: 5.648 GC heap after
{Heap after GC invocations=18 (full 0):
 garbage-first heap   total 135168K, used 81220K [0x00000000c0000000, 0x0000000100000000)
  region size 1024K, 4 young (4096K), 4 survivors (4096K)
 Metaspace       used 39564K, committed 40064K, reserved 1114112K
  class space    used 5072K, committed 5312K, reserved 1048576K
}
Event: 5.739 GC heap before
{Heap before GC invocations=18 (full 0):
 garbage-first heap   total 135168K, used 100676K [0x00000000c0000000, 0x0000000100000000)
  region size 1024K, 23 young (23552K), 4 survivors (4096K)
 Metaspace       used 40462K, committed 40960K, reserved 1114112K
  class space    used 5161K, committed 5376K, reserved 1048576K
}
Event: 5.766 GC heap after
{Heap after GC invocations=19 (full 0):
 garbage-first heap   total 135168K, used 89929K [0x00000000c0000000, 0x0000000100000000)
  region size 1024K, 3 young (3072K), 3 survivors (3072K)
 Metaspace       used 40462K, committed 40960K, reserved 1114112K
  class space    used 5161K, committed 5376K, reserved 1048576K
}
Event: 5.788 GC heap before
{Heap before GC invocations=19 (full 0):
 garbage-first heap   total 135168K, used 103241K [0x00000000c0000000, 0x0000000100000000)
  region size 1024K, 17 young (17408K), 3 survivors (3072K)
 Metaspace       used 40464K, committed 40960K, reserved 1114112K
  class space    used 5163K, committed 5376K, reserved 1048576K
}

