# JRE version: OpenJDK Runtime Environment Temurin-17.0.7+7 (17.0.7+7) (build 17.0.7+7)
# Java VM: OpenJDK 64-Bit Server VM Temurin-17.0.7+7 (17.0.7+7, mixed mode, emulated-client, sharing, tiered, compressed oops, compressed class ptrs, g1 gc, windows-amd64)
GC Precious Log:
 CPUs: 4 total, 4 available
 Memory: 3994M
 Large Page Support: Disabled
 NUMA Support: Disabled
 Compressed Oops: Enabled (32-bit)
 Heap Region Size: 1M
 Heap Min Capacity: 8M
 Heap Initial Capacity: 64M
 Heap Max Capacity: 1G
 Pre-touch: Disabled
 Parallel Workers: 4
 Concurrent Workers: 1
 Concurrent Refinement Workers: 4
 Periodic GC: Disabled
Heap:
 garbage-first heap   total 222208K, used 100515K [0x00000000c0000000, 0x0000000100000000)
  region size 1024K, 10 young (10240K), 10 survivors (10240K)
 Metaspace       used 31778K, committed 32128K, reserved 1114112K
  class space    used 4323K, committed 4480K, reserved 1048576K
GC Heap History (20 events):
Event: 5.877 GC heap after
{Heap after GC invocations=13 (full 0):
 garbage-first heap   total 78848K, used 41984K [0x00000000c0000000, 0x0000000100000000)
  region size 1024K, 3 young (3072K), 3 survivors (3072K)
 Metaspace       used 31624K, committed 32000K, reserved 1114112K
  class space    used 4298K, committed 4480K, reserved 1048576K
}
Event: 5.957 GC heap before
{Heap before GC invocations=13 (full 0):
 garbage-first heap   total 78848K, used 61440K [0x00000000c0000000, 0x0000000100000000)
  region size 1024K, 22 young (22528K), 3 survivors (3072K)
 Metaspace       used 31624K, committed 32000K, reserved 1114112K
  class space    used 4298K, committed 4480K, reserved 1048576K
}
Event: 5.965 GC heap after
{Heap after GC invocations=14 (full 0):
 garbage-first heap   total 141312K, used 45508K [0x00000000c0000000, 0x0000000100000000)
  region size 1024K, 3 young (3072K), 3 survivors (3072K)
 Metaspace       used 31624K, committed 32000K, reserved 1114112K
  class space    used 4298K, committed 4480K, reserved 1048576K
}
Event: 6.528 GC heap before
{Heap before GC invocations=15 (full 0):
 garbage-first heap   total 141312K, used 101828K [0x00000000c0000000, 0x0000000100000000)
  region size 1024K, 57 young (58368K), 3 survivors (3072K)
 Metaspace       used 31625K, committed 32000K, reserved 1114112K
  class space    used 4299K, committed 4480K, reserved 1048576K
}
Event: 6.561 GC heap after
{Heap after GC invocations=16 (full 0):
 garbage-first heap   total 141312K, used 62636K [0x00000000c0000000, 0x0000000100000000)
  region size 1024K, 8 young (8192K), 8 survivors (8192K)
 Metaspace       used 31625K, committed 32000K, reserved 1114112K
  class space    used 4299K, committed 4480K, reserved 1048576K
}
Event: 6.882 GC heap before
{Heap before GC invocations=16 (full 0):
 garbage-first heap   total 141312K, used 98476K [0x00000000c0000000, 0x0000000100000000)
  region size 1024K, 43 young (44032K), 8 survivors (8192K)
 Metaspace       used 31680K, committed 32064K, reserved 1114112K
  class space    used 4309K, committed 4480K, reserved 1048576K
}
Event: 6.931 GC heap after
{Heap after GC invocations=17 (full 0):
 garbage-first heap   total 141312K, used 79288K [0x00000000c0000000, 0x0000000100000000)
  region size 1024K, 6 young (6144K), 6 survivors (6144K)
 Metaspace       used 31680K, committed 32064K, reserved 1114112K
  class space    used 4309K, committed 4480K, reserved 1048576K
}
Event: 8.016 GC heap before
{Heap before GC invocations=17 (full 0):
 garbage-first heap   total 141312K, used 103864K [0x00000000c0000000, 0x0000000100000000)
  region size 1024K, 31 young (31744K), 6 survivors (6144K)
 Metaspace       used 31778K, committed 32128K, reserved 1114112K
  class space    used 4322K, committed 4480K, reserved 1048576K
}
Event: 8.050 GC heap after
{Heap after GC invocations=18 (full 0):
 garbage-first heap   total 141312K, used 82547K [0x00000000c0000000, 0x0000000100000000)
  region size 1024K, 3 young (3072K), 3 survivors (3072K)
 Metaspace       used 31778K, committed 32128K, reserved 1114112K
  class space    used 4322K, committed 4480K, reserved 1048576K
}
Event: 8.123 GC heap before
{Heap before GC invocations=18 (full 0):
 garbage-first heap   total 141312K, used 107123K [0x00000000c0000000, 0x0000000100000000)
  region size 1024K, 28 young (28672K), 3 survivors (3072K)
 Metaspace       used 31778K, committed 32128K, reserved 1114112K
  class space    used 4322K, committed 4480K, reserved 1048576K
}
Event: 8.125 GC heap after
{Heap after GC invocations=19 (full 0):
 garbage-first heap   total 141312K, used 82944K [0x00000000c0000000, 0x0000000100000000)
  region size 1024K, 3 young (3072K), 3 survivors (3072K)
 Metaspace       used 31778K, committed 32128K, reserved 1114112K
  class space    used 4322K, committed 4480K, reserved 1048576K
}
Event: 8.147 GC heap before
{Heap before GC invocations=19 (full 0):
 garbage-first heap   total 141312K, used 109568K [0x00000000c0000000, 0x0000000100000000)
  region size 1024K, 30 young (30720K), 3 survivors (3072K)
 Metaspace       used 31778K, committed 32128K, reserved 1114112K
  class space    used 4322K, committed 4480K, reserved 1048576K
}
Event: 8.151 GC heap after
{Heap after GC invocations=20 (full 0):
 garbage-first heap   total 222208K, used 84712K [0x00000000c0000000, 0x0000000100000000)
  region size 1024K, 4 young (4096K), 4 survivors (4096K)
 Metaspace       used 31778K, committed 32128K, reserved 1114112K
  class space    used 4322K, committed 4480K, reserved 1048576K
}
Event: 8.330 GC heap before
{Heap before GC invocations=20 (full 0):
 garbage-first heap   total 222208K, used 151272K [0x00000000c0000000, 0x0000000100000000)
  region size 1024K, 70 young (71680K), 4 survivors (4096K)
 Metaspace       used 31778K, committed 32128K, reserved 1114112K
  class space    used 4322K, committed 4480K, reserved 1048576K
}
Event: 8.342 GC heap after
{Heap after GC invocations=21 (full 0):
 garbage-first heap   total 222208K, used 88232K [0x00000000c0000000, 0x0000000100000000)
  region size 1024K, 7 young (7168K), 7 survivors (7168K)
 Metaspace       used 31778K, committed 32128K, reserved 1114112K
  class space    used 4322K, committed 4480K, reserved 1048576K
}
Event: 8.427 GC heap before
{Heap before GC invocations=21 (full 0):
 garbage-first heap   total 222208K, used 164008K [0x00000000c0000000, 0x0000000100000000)
  region size 1024K, 82 young (83968K), 7 survivors (7168K)
 Metaspace       used 31778K, committed 32128K, reserved 1114112K
  class space    used 4322K, committed 4480K, reserved 1048576K
}
Event: 8.432 GC heap after
{Heap after GC invocations=22 (full 0):
 garbage-first heap   total 222208K, used 92140K [0x00000000c0000000, 0x0000000100000000)
  region size 1024K, 9 young (9216K), 9 survivors (9216K)
 Metaspace       used 31778K, committed 32128K, reserved 1114112K
  class space    used 4322K, committed 4480K, reserved 1048576K
}
Event: 8.579 GC heap before
{Heap before GC invocations=22 (full 0):
 garbage-first heap   total 222208K, used 168940K [0x00000000c0000000, 0x0000000100000000)
  region size 1024K, 86 young (88064K), 9 survivors (9216K)
 Metaspace       used 31778K, committed 32128K, reserved 1114112K
  class space    used 4322K, committed 4480K, reserved 1048576K
}
Event: 8.604 GC heap after
{Heap after GC invocations=23 (full 0):
 garbage-first heap   total 222208K, used 96497K [0x00000000c0000000, 0x0000000100000000)
  region size 1024K, 10 young (10240K), 10 survivors (10240K)
 Metaspace       used 31778K, committed 32128K, reserved 1114112K
  class space    used 4322K, committed 4480K, reserved 1048576K
}
Event: 8.728 GC heap before
{Heap before GC invocations=23 (full 0):
 garbage-first heap   total 222208K, used 172273K [0x00000000c0000000, 0x0000000100000000)
  region size 1024K, 85 young (87040K), 10 survivors (10240K)
 Metaspace       used 31778K, committed 32128K, reserved 1114112K
  class space    used 4323K, committed 4480K, reserved 1048576K
}

