# JRE version: OpenJDK Runtime Environment Temurin-17.0.7+7 (17.0.7+7) (build 17.0.7+7)
# Java VM: OpenJDK 64-Bit Server VM Temurin-17.0.7+7 (17.0.7+7, mixed mode, emulated-client, sharing, tiered, compressed oops, compressed class ptrs, g1 gc, windows-amd64)
GC Precious Log:
 CPUs: 4 total, 4 available
 Memory: 3994M
 Large Page Support: Disabled
 NUMA Support: Disabled
 Compressed Oops: Enabled (32-bit)
 Heap Region Size: 1M
 Heap Min Capacity: 8M
 Heap Initial Capacity: 64M
 Heap Max Capacity: 1G
 Pre-touch: Disabled
 Parallel Workers: 4
 Concurrent Workers: 1
 Concurrent Refinement Workers: 4
 Periodic GC: Disabled
Heap:
 garbage-first heap   total 218112K, used 112479K [0x00000000c0000000, 0x0000000100000000)
  region size 1024K, 8 young (8192K), 8 survivors (8192K)
 Metaspace       used 43974K, committed 44416K, reserved 1114112K
  class space    used 5630K, committed 5824K, reserved 1048576K
GC Heap History (20 events):
Event: 7.806 GC heap after
{Heap after GC invocations=17 (full 0):
 garbage-first heap   total 109568K, used 53204K [0x00000000c0000000, 0x0000000100000000)
  region size 1024K, 4 young (4096K), 4 survivors (4096K)
 Metaspace       used 33956K, committed 34432K, reserved 1114112K
  class space    used 4518K, committed 4736K, reserved 1048576K
}
Event: 8.072 GC heap before
{Heap before GC invocations=18 (full 0):
 garbage-first heap   total 109568K, used 81876K [0x00000000c0000000, 0x0000000100000000)
  region size 1024K, 33 young (33792K), 4 survivors (4096K)
 Metaspace       used 35698K, committed 36160K, reserved 1114112K
  class space    used 4691K, committed 4928K, reserved 1048576K
}
Event: 8.089 GC heap after
{Heap after GC invocations=19 (full 0):
 garbage-first heap   total 109568K, used 61635K [0x00000000c0000000, 0x0000000100000000)
  region size 1024K, 5 young (5120K), 5 survivors (5120K)
 Metaspace       used 35698K, committed 36160K, reserved 1114112K
  class space    used 4691K, committed 4928K, reserved 1048576K
}
Event: 8.271 GC heap before
{Heap before GC invocations=19 (full 0):
 garbage-first heap   total 109568K, used 81091K [0x00000000c0000000, 0x0000000100000000)
  region size 1024K, 26 young (26624K), 5 survivors (5120K)
 Metaspace       used 36897K, committed 37376K, reserved 1114112K
  class space    used 4852K, committed 5056K, reserved 1048576K
}
Event: 8.284 GC heap after
{Heap after GC invocations=20 (full 0):
 garbage-first heap   total 109568K, used 66357K [0x00000000c0000000, 0x0000000100000000)
  region size 1024K, 4 young (4096K), 4 survivors (4096K)
 Metaspace       used 36897K, committed 37376K, reserved 1114112K
  class space    used 4852K, committed 5056K, reserved 1048576K
}
Event: 8.403 GC heap before
{Heap before GC invocations=20 (full 0):
 garbage-first heap   total 109568K, used 86837K [0x00000000c0000000, 0x0000000100000000)
  region size 1024K, 23 young (23552K), 4 survivors (4096K)
 Metaspace       used 38499K, committed 38976K, reserved 1114112K
  class space    used 5009K, committed 5248K, reserved 1048576K
}
Event: 8.419 GC heap after
{Heap after GC invocations=21 (full 0):
 garbage-first heap   total 218112K, used 78842K [0x00000000c0000000, 0x0000000100000000)
  region size 1024K, 3 young (3072K), 3 survivors (3072K)
 Metaspace       used 38499K, committed 38976K, reserved 1114112K
  class space    used 5009K, committed 5248K, reserved 1048576K
}
Event: 8.786 GC heap before
{Heap before GC invocations=22 (full 0):
 garbage-first heap   total 218112K, used 149498K [0x00000000c0000000, 0x0000000100000000)
  region size 1024K, 72 young (73728K), 3 survivors (3072K)
 Metaspace       used 39738K, committed 40192K, reserved 1114112K
  class space    used 5107K, committed 5312K, reserved 1048576K
}
Event: 8.829 GC heap after
{Heap after GC invocations=23 (full 0):
 garbage-first heap   total 218112K, used 93836K [0x00000000c0000000, 0x0000000100000000)
  region size 1024K, 9 young (9216K), 9 survivors (9216K)
 Metaspace       used 39738K, committed 40192K, reserved 1114112K
  class space    used 5107K, committed 5312K, reserved 1048576K
}
Event: 8.851 GC heap before
{Heap before GC invocations=23 (full 0):
 garbage-first heap   total 218112K, used 93836K [0x00000000c0000000, 0x0000000100000000)
  region size 1024K, 10 young (10240K), 9 survivors (9216K)
 Metaspace       used 39819K, committed 40256K, reserved 1114112K
  class space    used 5110K, committed 5312K, reserved 1048576K
}
Event: 8.864 GC heap after
{Heap after GC invocations=24 (full 0):
 garbage-first heap   total 218112K, used 95232K [0x00000000c0000000, 0x0000000100000000)
  region size 1024K, 1 young (1024K), 1 survivors (1024K)
 Metaspace       used 39819K, committed 40256K, reserved 1114112K
  class space    used 5110K, committed 5312K, reserved 1048576K
}
Event: 8.956 GC heap before
{Heap before GC invocations=24 (full 0):
 garbage-first heap   total 218112K, used 155648K [0x00000000c0000000, 0x0000000100000000)
  region size 1024K, 61 young (62464K), 1 survivors (1024K)
 Metaspace       used 40804K, committed 41216K, reserved 1114112K
  class space    used 5242K, committed 5440K, reserved 1048576K
}
Event: 8.962 GC heap after
{Heap after GC invocations=25 (full 0):
 garbage-first heap   total 218112K, used 97852K [0x00000000c0000000, 0x0000000100000000)
  region size 1024K, 4 young (4096K), 4 survivors (4096K)
 Metaspace       used 40804K, committed 41216K, reserved 1114112K
  class space    used 5242K, committed 5440K, reserved 1048576K
}
Event: 9.195 GC heap before
{Heap before GC invocations=25 (full 0):
 garbage-first heap   total 218112K, used 158268K [0x00000000c0000000, 0x0000000100000000)
  region size 1024K, 64 young (65536K), 4 survivors (4096K)
 Metaspace       used 41841K, committed 42304K, reserved 1114112K
  class space    used 5353K, committed 5568K, reserved 1048576K
}
Event: 9.201 GC heap after
{Heap after GC invocations=26 (full 0):
 garbage-first heap   total 218112K, used 101082K [0x00000000c0000000, 0x0000000100000000)
  region size 1024K, 7 young (7168K), 7 survivors (7168K)
 Metaspace       used 41841K, committed 42304K, reserved 1114112K
  class space    used 5353K, committed 5568K, reserved 1048576K
}
Event: 11.240 GC heap before
{Heap before GC invocations=26 (full 0):
 garbage-first heap   total 218112K, used 163546K [0x00000000c0000000, 0x0000000100000000)
  region size 1024K, 69 young (70656K), 7 survivors (7168K)
 Metaspace       used 43203K, committed 43648K, reserved 1114112K
  class space    used 5525K, committed 5696K, reserved 1048576K
}
Event: 11.248 GC heap after
{Heap after GC invocations=27 (full 0):
 garbage-first heap   total 218112K, used 104478K [0x00000000c0000000, 0x0000000100000000)
  region size 1024K, 7 young (7168K), 7 survivors (7168K)
 Metaspace       used 43203K, committed 43648K, reserved 1114112K
  class space    used 5525K, committed 5696K, reserved 1048576K
}
Event: 11.353 GC heap before
{Heap before GC invocations=27 (full 0):
 garbage-first heap   total 218112K, used 167966K [0x00000000c0000000, 0x0000000100000000)
  region size 1024K, 70 young (71680K), 7 survivors (7168K)
 Metaspace       used 43588K, committed 44096K, reserved 1114112K
  class space    used 5579K, committed 5824K, reserved 1048576K
}
Event: 11.363 GC heap after
{Heap after GC invocations=28 (full 0):
 garbage-first heap   total 218112K, used 108853K [0x00000000c0000000, 0x0000000100000000)
  region size 1024K, 8 young (8192K), 8 survivors (8192K)
 Metaspace       used 43588K, committed 44096K, reserved 1114112K
  class space    used 5579K, committed 5824K, reserved 1048576K
}
Event: 11.431 GC heap before
{Heap before GC invocations=28 (full 0):
 garbage-first heap   total 218112K, used 172341K [0x00000000c0000000, 0x0000000100000000)
  region size 1024K, 71 young (72704K), 8 survivors (8192K)
 Metaspace       used 43974K, committed 44416K, reserved 1114112K
  class space    used 5630K, committed 5824K, reserved 1048576K
}

